<?xml version="1.0" encoding="UTF-8"?>
<!-- Generated by org.testng.reporters.JUnitReportReporter -->
<testsuite skipped="0" hostname="R1002" name="LearningTestNG.GroupingTests" tests="3" failures="0" timestamp="20 фев 2020 15:53:43 GMT" time="0.001" errors="0">
  <testcase name="feature3" time="0.000" classname="LearningTestNG.GroupingTests"/>
  <testcase name="feature1" time="0.001" classname="LearningTestNG.GroupingTests"/>
  <testcase name="feature2" time="0.000" classname="LearningTestNG.GroupingTests"/>
</testsuite> <!-- LearningTestNG.GroupingTests -->
