<?xml version="1.0" encoding="UTF-8"?>
<!-- Generated by org.testng.reporters.JUnitReportReporter -->
<testsuite skipped="0" hostname="R1002" name="LearningTestNG.TestNGAnnotation_2" tests="1" failures="0" timestamp="20 фев 2020 15:07:06 GMT" time="0.001" errors="0">
  <testcase name="test3" time="0.001" classname="LearningTestNG.TestNGAnnotation_2"/>
</testsuite> <!-- LearningTestNG.TestNGAnnotation_2 -->
