<?xml version="1.0" encoding="UTF-8"?>
<!-- Generated by org.testng.reporters.JUnitReportReporter -->
<testsuite skipped="0" hostname="R1002" name="LearningTestNG.TestNGAnnotation" tests="2" failures="0" timestamp="20 фев 2020 15:53:43 GMT" time="0.001" errors="0">
  <testcase name="test1" time="0.001" classname="LearningTestNG.TestNGAnnotation"/>
  <testcase name="test2" time="0.000" classname="LearningTestNG.TestNGAnnotation"/>
</testsuite> <!-- LearningTestNG.TestNGAnnotation -->
